2021-02-18T14:18:05,564  WARN XY2LinksForFacilities:50 There is no link for at least a facility. Assigning links for such facilities from coords.
2021-02-18T14:18:05,564  WARN XY2LinksForFacilities:51  This message given only once.
2021-02-18T14:18:05,579  WARN PrepareForSimImpl:222 'usePersonIdForMissingVehicleId' is deprecated. It will be removed soon.
2021-02-18T14:18:05,704  WARN PreProcessEuclidean:59 There are links with stored length smaller than their Euclidean distance in this network. Thus, A* cannot guarantee to calculate the least-cost paths between two nodes.
2021-02-18T14:18:06,001  WARN RandomizingTimeDistanceTravelDisutilityFactory:112 There will be no routing randomness. The randomization of the travel disutility requires the monetary distance rate to be different than zero. Continuing anyway.
2021-02-18T14:18:06,001  WARN RandomizingTimeDistanceTravelDisutilityFactory:117 There will be no routing randomness. The randomization of the travel disutility requires the travel time cost rate to be different than zero. Continuing anyway.
2021-02-18T14:18:06,048  WARN PreProcessEuclidean:59 There are links with stored length smaller than their Euclidean distance in this network. Thus, A* cannot guarantee to calculate the least-cost paths between two nodes.
2021-02-18T14:18:06,439  WARN ObjectAttributesConverter:77 No AttributeConverter found for class java.util.Collections$UnmodifiableMap. Not all attribute values can be converted.
2021-02-18T14:18:06,861  WARN QueueWithBuffer:390 Link 1 too small: enlarge storage capacity from: 1333.3333333333333 Vehicles to: 3599.712023038157 Vehicles.  This is not fatal, but modifies the traffic flow dynamics.
2021-02-18T14:18:06,861  WARN QueueWithBuffer:390 Link 20 too small: enlarge storage capacity from: 1333.3333333333333 Vehicles to: 3599.712023038157 Vehicles.  This is not fatal, but modifies the traffic flow dynamics.
2021-02-18T14:18:06,861  WARN QueueWithBuffer:390 Link 21 too small: enlarge storage capacity from: 1333.3333333333333 Vehicles to: 3599.712023038157 Vehicles.  This is not fatal, but modifies the traffic flow dynamics.
2021-02-18T14:18:06,861  WARN QueueWithBuffer:390 Link 22 too small: enlarge storage capacity from: 4666.666666666667 Vehicles to: 12598.99208063355 Vehicles.  This is not fatal, but modifies the traffic flow dynamics.
2021-02-18T14:18:06,861  WARN QueueWithBuffer:390 Link 23 too small: enlarge storage capacity from: 1333.3333333333333 Vehicles to: 3599.712023038157 Vehicles.  This is not fatal, but modifies the traffic flow dynamics.
2021-02-18T14:18:13,066  WARN ObjectAttributesConverter:77 No AttributeConverter found for class java.util.Collections$UnmodifiableMap. Not all attribute values can be converted.
2021-02-18T14:18:13,348  WARN QueueWithBuffer:390 Link 1 too small: enlarge storage capacity from: 1333.3333333333333 Vehicles to: 3599.712023038157 Vehicles.  This is not fatal, but modifies the traffic flow dynamics.
2021-02-18T14:18:13,348  WARN QueueWithBuffer:390 Link 20 too small: enlarge storage capacity from: 1333.3333333333333 Vehicles to: 3599.712023038157 Vehicles.  This is not fatal, but modifies the traffic flow dynamics.
2021-02-18T14:18:13,348  WARN QueueWithBuffer:390 Link 21 too small: enlarge storage capacity from: 1333.3333333333333 Vehicles to: 3599.712023038157 Vehicles.  This is not fatal, but modifies the traffic flow dynamics.
2021-02-18T14:18:13,348  WARN QueueWithBuffer:390 Link 22 too small: enlarge storage capacity from: 4666.666666666667 Vehicles to: 12598.99208063355 Vehicles.  This is not fatal, but modifies the traffic flow dynamics.
2021-02-18T14:18:13,363  WARN QueueWithBuffer:390 Link 23 too small: enlarge storage capacity from: 1333.3333333333333 Vehicles to: 3599.712023038157 Vehicles.  This is not fatal, but modifies the traffic flow dynamics.
2021-02-18T14:18:18,613  WARN QueueWithBuffer:390 Link 1 too small: enlarge storage capacity from: 1333.3333333333333 Vehicles to: 3599.712023038157 Vehicles.  This is not fatal, but modifies the traffic flow dynamics.
2021-02-18T14:18:18,613  WARN QueueWithBuffer:393 Additional warnings of this type are suppressed.
2021-02-18T14:18:51,691  WARN ObjectAttributesConverter:77 No AttributeConverter found for class java.util.Collections$UnmodifiableMap. Not all attribute values can be converted.
2021-02-18T14:18:55,816  WARN ObjectAttributesConverter:77 No AttributeConverter found for class java.util.Collections$UnmodifiableMap. Not all attribute values can be converted.
