2020-12-02T12:26:59,104  WARN XY2LinksForFacilities:50 There is no link for at least a facility. Assigning links for such facilities from coords.
2020-12-02T12:26:59,120  WARN XY2LinksForFacilities:51  This message given only once.
2020-12-02T12:26:59,167  WARN PrepareForSimImpl:222 'usePersonIdForMissingVehicleId' is deprecated. It will be removed soon.
2020-12-02T12:26:59,729  WARN RandomizingTimeDistanceTravelDisutilityFactory:112 There will be no routing randomness. The randomization of the travel disutility requires the monetary distance rate to be different than zero. Continuing anyway.
2020-12-02T12:26:59,745  WARN RandomizingTimeDistanceTravelDisutilityFactory:117 There will be no routing randomness. The randomization of the travel disutility requires the travel time cost rate to be different than zero. Continuing anyway.
2020-12-02T12:27:00,745  WARN ObjectAttributesConverter:77 No AttributeConverter found for class java.util.Collections$UnmodifiableMap. Not all attribute values can be converted.
2020-12-02T12:27:10,281 ERROR BasicPlanAgentImpl:184 last activity of person driver agent id 88 has end time < infty; setting it to infty
2020-12-02T12:27:10,281 ERROR BasicPlanAgentImpl:185  This message given only once.
2020-12-02T12:27:16,080  WARN ObjectAttributesConverter:77 No AttributeConverter found for class java.util.Collections$UnmodifiableMap. Not all attribute values can be converted.
2020-12-02T12:29:09,064  WARN ObjectAttributesConverter:77 No AttributeConverter found for class java.util.Collections$UnmodifiableMap. Not all attribute values can be converted.
2020-12-02T12:30:52,822  WARN ObjectAttributesConverter:77 No AttributeConverter found for class java.util.Collections$UnmodifiableMap. Not all attribute values can be converted.
2020-12-02T12:32:36,511  WARN ObjectAttributesConverter:77 No AttributeConverter found for class java.util.Collections$UnmodifiableMap. Not all attribute values can be converted.
2020-12-02T12:34:19,262  WARN ObjectAttributesConverter:77 No AttributeConverter found for class java.util.Collections$UnmodifiableMap. Not all attribute values can be converted.
2020-12-02T12:36:00,171  WARN ObjectAttributesConverter:77 No AttributeConverter found for class java.util.Collections$UnmodifiableMap. Not all attribute values can be converted.
2020-12-02T12:37:41,508  WARN ObjectAttributesConverter:77 No AttributeConverter found for class java.util.Collections$UnmodifiableMap. Not all attribute values can be converted.
2020-12-02T12:39:24,274  WARN ObjectAttributesConverter:77 No AttributeConverter found for class java.util.Collections$UnmodifiableMap. Not all attribute values can be converted.
2020-12-02T12:41:10,583  WARN ObjectAttributesConverter:77 No AttributeConverter found for class java.util.Collections$UnmodifiableMap. Not all attribute values can be converted.
2020-12-02T12:42:53,975  WARN ObjectAttributesConverter:77 No AttributeConverter found for class java.util.Collections$UnmodifiableMap. Not all attribute values can be converted.
2020-12-02T12:44:34,567  WARN ObjectAttributesConverter:77 No AttributeConverter found for class java.util.Collections$UnmodifiableMap. Not all attribute values can be converted.
2020-12-02T12:46:20,149  WARN ObjectAttributesConverter:77 No AttributeConverter found for class java.util.Collections$UnmodifiableMap. Not all attribute values can be converted.
2020-12-02T12:48:03,484  WARN ObjectAttributesConverter:77 No AttributeConverter found for class java.util.Collections$UnmodifiableMap. Not all attribute values can be converted.
2020-12-02T12:49:56,588  WARN ObjectAttributesConverter:77 No AttributeConverter found for class java.util.Collections$UnmodifiableMap. Not all attribute values can be converted.
2020-12-02T12:52:08,546  WARN ObjectAttributesConverter:77 No AttributeConverter found for class java.util.Collections$UnmodifiableMap. Not all attribute values can be converted.
2020-12-02T12:54:13,345  WARN ObjectAttributesConverter:77 No AttributeConverter found for class java.util.Collections$UnmodifiableMap. Not all attribute values can be converted.
2020-12-02T12:56:15,286  WARN ObjectAttributesConverter:77 No AttributeConverter found for class java.util.Collections$UnmodifiableMap. Not all attribute values can be converted.
2020-12-02T12:58:11,236  WARN ObjectAttributesConverter:77 No AttributeConverter found for class java.util.Collections$UnmodifiableMap. Not all attribute values can be converted.
2020-12-02T13:00:09,124  WARN ObjectAttributesConverter:77 No AttributeConverter found for class java.util.Collections$UnmodifiableMap. Not all attribute values can be converted.
2020-12-02T13:02:06,933  WARN ObjectAttributesConverter:77 No AttributeConverter found for class java.util.Collections$UnmodifiableMap. Not all attribute values can be converted.
2020-12-02T13:04:25,202  WARN ObjectAttributesConverter:77 No AttributeConverter found for class java.util.Collections$UnmodifiableMap. Not all attribute values can be converted.
2020-12-02T13:06:50,795  WARN ObjectAttributesConverter:77 No AttributeConverter found for class java.util.Collections$UnmodifiableMap. Not all attribute values can be converted.
2020-12-02T13:09:31,710  WARN ObjectAttributesConverter:77 No AttributeConverter found for class java.util.Collections$UnmodifiableMap. Not all attribute values can be converted.
2020-12-02T13:12:06,136  WARN ObjectAttributesConverter:77 No AttributeConverter found for class java.util.Collections$UnmodifiableMap. Not all attribute values can be converted.
2020-12-02T13:14:31,218  WARN ObjectAttributesConverter:77 No AttributeConverter found for class java.util.Collections$UnmodifiableMap. Not all attribute values can be converted.
2020-12-02T13:16:55,209  WARN ObjectAttributesConverter:77 No AttributeConverter found for class java.util.Collections$UnmodifiableMap. Not all attribute values can be converted.
2020-12-02T13:19:32,098  WARN ObjectAttributesConverter:77 No AttributeConverter found for class java.util.Collections$UnmodifiableMap. Not all attribute values can be converted.
2020-12-02T13:22:06,319  WARN ObjectAttributesConverter:77 No AttributeConverter found for class java.util.Collections$UnmodifiableMap. Not all attribute values can be converted.
2020-12-02T13:24:26,595  WARN ObjectAttributesConverter:77 No AttributeConverter found for class java.util.Collections$UnmodifiableMap. Not all attribute values can be converted.
2020-12-02T13:26:49,757  WARN ObjectAttributesConverter:77 No AttributeConverter found for class java.util.Collections$UnmodifiableMap. Not all attribute values can be converted.
2020-12-02T13:29:06,600  WARN ObjectAttributesConverter:77 No AttributeConverter found for class java.util.Collections$UnmodifiableMap. Not all attribute values can be converted.
2020-12-02T13:31:13,818  WARN ObjectAttributesConverter:77 No AttributeConverter found for class java.util.Collections$UnmodifiableMap. Not all attribute values can be converted.
2020-12-02T13:33:21,441  WARN ObjectAttributesConverter:77 No AttributeConverter found for class java.util.Collections$UnmodifiableMap. Not all attribute values can be converted.
2020-12-02T13:35:30,780  WARN ObjectAttributesConverter:77 No AttributeConverter found for class java.util.Collections$UnmodifiableMap. Not all attribute values can be converted.
2020-12-02T13:37:30,735  WARN ObjectAttributesConverter:77 No AttributeConverter found for class java.util.Collections$UnmodifiableMap. Not all attribute values can be converted.
2020-12-02T13:39:35,629  WARN ObjectAttributesConverter:77 No AttributeConverter found for class java.util.Collections$UnmodifiableMap. Not all attribute values can be converted.
2020-12-02T13:41:33,330  WARN ObjectAttributesConverter:77 No AttributeConverter found for class java.util.Collections$UnmodifiableMap. Not all attribute values can be converted.
2020-12-02T13:43:43,946  WARN ObjectAttributesConverter:77 No AttributeConverter found for class java.util.Collections$UnmodifiableMap. Not all attribute values can be converted.
2020-12-02T13:46:06,287  WARN ObjectAttributesConverter:77 No AttributeConverter found for class java.util.Collections$UnmodifiableMap. Not all attribute values can be converted.
2020-12-02T13:48:13,601  WARN ObjectAttributesConverter:77 No AttributeConverter found for class java.util.Collections$UnmodifiableMap. Not all attribute values can be converted.
2020-12-02T13:50:28,395  WARN ObjectAttributesConverter:77 No AttributeConverter found for class java.util.Collections$UnmodifiableMap. Not all attribute values can be converted.
2020-12-02T13:52:40,719  WARN ObjectAttributesConverter:77 No AttributeConverter found for class java.util.Collections$UnmodifiableMap. Not all attribute values can be converted.
2020-12-02T13:54:52,555  WARN ObjectAttributesConverter:77 No AttributeConverter found for class java.util.Collections$UnmodifiableMap. Not all attribute values can be converted.
2020-12-02T13:57:00,696  WARN ObjectAttributesConverter:77 No AttributeConverter found for class java.util.Collections$UnmodifiableMap. Not all attribute values can be converted.
2020-12-02T13:59:09,281  WARN ObjectAttributesConverter:77 No AttributeConverter found for class java.util.Collections$UnmodifiableMap. Not all attribute values can be converted.
2020-12-02T14:01:17,189  WARN ObjectAttributesConverter:77 No AttributeConverter found for class java.util.Collections$UnmodifiableMap. Not all attribute values can be converted.
2020-12-02T14:03:34,248  WARN ObjectAttributesConverter:77 No AttributeConverter found for class java.util.Collections$UnmodifiableMap. Not all attribute values can be converted.
2020-12-02T14:05:54,615  WARN ObjectAttributesConverter:77 No AttributeConverter found for class java.util.Collections$UnmodifiableMap. Not all attribute values can be converted.
2020-12-02T14:08:12,977  WARN ObjectAttributesConverter:77 No AttributeConverter found for class java.util.Collections$UnmodifiableMap. Not all attribute values can be converted.
2020-12-02T14:10:31,943  WARN ObjectAttributesConverter:77 No AttributeConverter found for class java.util.Collections$UnmodifiableMap. Not all attribute values can be converted.
2020-12-02T14:12:51,343  WARN ObjectAttributesConverter:77 No AttributeConverter found for class java.util.Collections$UnmodifiableMap. Not all attribute values can be converted.
2020-12-02T14:15:08,633  WARN ObjectAttributesConverter:77 No AttributeConverter found for class java.util.Collections$UnmodifiableMap. Not all attribute values can be converted.
2020-12-02T14:17:35,230  WARN ObjectAttributesConverter:77 No AttributeConverter found for class java.util.Collections$UnmodifiableMap. Not all attribute values can be converted.
2020-12-02T14:19:52,458  WARN ObjectAttributesConverter:77 No AttributeConverter found for class java.util.Collections$UnmodifiableMap. Not all attribute values can be converted.
2020-12-02T14:22:11,496  WARN ObjectAttributesConverter:77 No AttributeConverter found for class java.util.Collections$UnmodifiableMap. Not all attribute values can be converted.
2020-12-02T14:24:37,073  WARN ObjectAttributesConverter:77 No AttributeConverter found for class java.util.Collections$UnmodifiableMap. Not all attribute values can be converted.
2020-12-02T14:26:54,855  WARN ObjectAttributesConverter:77 No AttributeConverter found for class java.util.Collections$UnmodifiableMap. Not all attribute values can be converted.
2020-12-02T14:29:22,417  WARN ObjectAttributesConverter:77 No AttributeConverter found for class java.util.Collections$UnmodifiableMap. Not all attribute values can be converted.
2020-12-02T14:31:20,112  WARN ObjectAttributesConverter:77 No AttributeConverter found for class java.util.Collections$UnmodifiableMap. Not all attribute values can be converted.
2020-12-02T14:33:17,223  WARN ObjectAttributesConverter:77 No AttributeConverter found for class java.util.Collections$UnmodifiableMap. Not all attribute values can be converted.
2020-12-02T14:35:16,526  WARN ObjectAttributesConverter:77 No AttributeConverter found for class java.util.Collections$UnmodifiableMap. Not all attribute values can be converted.
2020-12-02T14:37:24,276  WARN ObjectAttributesConverter:77 No AttributeConverter found for class java.util.Collections$UnmodifiableMap. Not all attribute values can be converted.
2020-12-02T14:39:16,675  WARN ObjectAttributesConverter:77 No AttributeConverter found for class java.util.Collections$UnmodifiableMap. Not all attribute values can be converted.
2020-12-02T14:41:10,354  WARN ObjectAttributesConverter:77 No AttributeConverter found for class java.util.Collections$UnmodifiableMap. Not all attribute values can be converted.
2020-12-02T14:43:14,200  WARN ObjectAttributesConverter:77 No AttributeConverter found for class java.util.Collections$UnmodifiableMap. Not all attribute values can be converted.
2020-12-02T14:45:20,004  WARN ObjectAttributesConverter:77 No AttributeConverter found for class java.util.Collections$UnmodifiableMap. Not all attribute values can be converted.
2020-12-02T14:47:17,699  WARN ObjectAttributesConverter:77 No AttributeConverter found for class java.util.Collections$UnmodifiableMap. Not all attribute values can be converted.
2020-12-02T14:49:15,896  WARN ObjectAttributesConverter:77 No AttributeConverter found for class java.util.Collections$UnmodifiableMap. Not all attribute values can be converted.
2020-12-02T14:51:11,601  WARN ObjectAttributesConverter:77 No AttributeConverter found for class java.util.Collections$UnmodifiableMap. Not all attribute values can be converted.
2020-12-02T14:53:00,986  WARN ObjectAttributesConverter:77 No AttributeConverter found for class java.util.Collections$UnmodifiableMap. Not all attribute values can be converted.
2020-12-02T14:54:52,101  WARN ObjectAttributesConverter:77 No AttributeConverter found for class java.util.Collections$UnmodifiableMap. Not all attribute values can be converted.
2020-12-02T14:56:42,726  WARN ObjectAttributesConverter:77 No AttributeConverter found for class java.util.Collections$UnmodifiableMap. Not all attribute values can be converted.
2020-12-02T14:58:36,936  WARN ObjectAttributesConverter:77 No AttributeConverter found for class java.util.Collections$UnmodifiableMap. Not all attribute values can be converted.
2020-12-02T15:00:31,125  WARN ObjectAttributesConverter:77 No AttributeConverter found for class java.util.Collections$UnmodifiableMap. Not all attribute values can be converted.
2020-12-02T15:02:24,444  WARN ObjectAttributesConverter:77 No AttributeConverter found for class java.util.Collections$UnmodifiableMap. Not all attribute values can be converted.
2020-12-02T15:04:17,005  WARN ObjectAttributesConverter:77 No AttributeConverter found for class java.util.Collections$UnmodifiableMap. Not all attribute values can be converted.
2020-12-02T15:06:10,323  WARN ObjectAttributesConverter:77 No AttributeConverter found for class java.util.Collections$UnmodifiableMap. Not all attribute values can be converted.
2020-12-02T15:08:04,475  WARN ObjectAttributesConverter:77 No AttributeConverter found for class java.util.Collections$UnmodifiableMap. Not all attribute values can be converted.
2020-12-02T15:09:56,984  WARN ObjectAttributesConverter:77 No AttributeConverter found for class java.util.Collections$UnmodifiableMap. Not all attribute values can be converted.
2020-12-02T15:11:51,243  WARN ObjectAttributesConverter:77 No AttributeConverter found for class java.util.Collections$UnmodifiableMap. Not all attribute values can be converted.
2020-12-02T15:13:44,138  WARN ObjectAttributesConverter:77 No AttributeConverter found for class java.util.Collections$UnmodifiableMap. Not all attribute values can be converted.
2020-12-02T15:15:37,127  WARN ObjectAttributesConverter:77 No AttributeConverter found for class java.util.Collections$UnmodifiableMap. Not all attribute values can be converted.
2020-12-02T15:17:29,968  WARN ObjectAttributesConverter:77 No AttributeConverter found for class java.util.Collections$UnmodifiableMap. Not all attribute values can be converted.
2020-12-02T15:19:24,451  WARN ObjectAttributesConverter:77 No AttributeConverter found for class java.util.Collections$UnmodifiableMap. Not all attribute values can be converted.
2020-12-02T15:21:19,405  WARN ObjectAttributesConverter:77 No AttributeConverter found for class java.util.Collections$UnmodifiableMap. Not all attribute values can be converted.
2020-12-02T15:23:14,650  WARN ObjectAttributesConverter:77 No AttributeConverter found for class java.util.Collections$UnmodifiableMap. Not all attribute values can be converted.
2020-12-02T15:25:11,278  WARN ObjectAttributesConverter:77 No AttributeConverter found for class java.util.Collections$UnmodifiableMap. Not all attribute values can be converted.
2020-12-02T15:27:07,701  WARN ObjectAttributesConverter:77 No AttributeConverter found for class java.util.Collections$UnmodifiableMap. Not all attribute values can be converted.
2020-12-02T15:29:05,989  WARN ObjectAttributesConverter:77 No AttributeConverter found for class java.util.Collections$UnmodifiableMap. Not all attribute values can be converted.
2020-12-02T15:31:12,249  WARN ObjectAttributesConverter:77 No AttributeConverter found for class java.util.Collections$UnmodifiableMap. Not all attribute values can be converted.
2020-12-02T15:33:17,174  WARN ObjectAttributesConverter:77 No AttributeConverter found for class java.util.Collections$UnmodifiableMap. Not all attribute values can be converted.
2020-12-02T15:35:20,535  WARN ObjectAttributesConverter:77 No AttributeConverter found for class java.util.Collections$UnmodifiableMap. Not all attribute values can be converted.
2020-12-02T15:37:20,156  WARN ObjectAttributesConverter:77 No AttributeConverter found for class java.util.Collections$UnmodifiableMap. Not all attribute values can be converted.
2020-12-02T15:39:20,084  WARN ObjectAttributesConverter:77 No AttributeConverter found for class java.util.Collections$UnmodifiableMap. Not all attribute values can be converted.
2020-12-02T15:41:41,120  WARN ObjectAttributesConverter:77 No AttributeConverter found for class java.util.Collections$UnmodifiableMap. Not all attribute values can be converted.
2020-12-02T15:44:07,920  WARN ObjectAttributesConverter:77 No AttributeConverter found for class java.util.Collections$UnmodifiableMap. Not all attribute values can be converted.
2020-12-02T15:46:31,652  WARN ObjectAttributesConverter:77 No AttributeConverter found for class java.util.Collections$UnmodifiableMap. Not all attribute values can be converted.
2020-12-02T15:48:53,623  WARN ObjectAttributesConverter:77 No AttributeConverter found for class java.util.Collections$UnmodifiableMap. Not all attribute values can be converted.
2020-12-02T15:51:17,497  WARN ObjectAttributesConverter:77 No AttributeConverter found for class java.util.Collections$UnmodifiableMap. Not all attribute values can be converted.
2020-12-02T15:53:40,415  WARN ObjectAttributesConverter:77 No AttributeConverter found for class java.util.Collections$UnmodifiableMap. Not all attribute values can be converted.
2020-12-02T15:56:03,363  WARN ObjectAttributesConverter:77 No AttributeConverter found for class java.util.Collections$UnmodifiableMap. Not all attribute values can be converted.
2020-12-02T15:56:18,060  WARN ObjectAttributesConverter:77 No AttributeConverter found for class java.util.Collections$UnmodifiableMap. Not all attribute values can be converted.
